<?xml version="1.0" encoding="UTF-8"?>
<testng-results ignored="0" total="2" passed="2" failed="0" skipped="0">
  <reporter-output>
  </reporter-output>
  <suite started-at="2026-03-04T11:31:20 IST" name="ParallelTesting" finished-at="2026-03-04T11:31:27 IST" duration-ms="7558">
    <groups>
    </groups>
    <test started-at="2026-03-04T11:31:20 IST" name="ChromeTest" finished-at="2026-03-04T11:31:27 IST" duration-ms="7558">
      <class name="testSript.HomePageTest">
        <test-method is-config="true" signature="beforeMethod(java.lang.String)[pri:0, instance:testSript.HomePageTest@4f0f2942]" started-at="2026-03-04T11:31:20 IST" name="beforeMethod" finished-at="2026-03-04T11:31:23 IST" duration-ms="2875" status="PASS">
          <params>
            <param index="0">
              <value>
                <![CDATA[Chrome]]>
              </value>
            </param>
          </params>
          <reporter-output>
          </reporter-output>
        </test-method> <!-- beforeMethod -->
        <test-method signature="verifyLogOutButton()[pri:0, instance:testSript.HomePageTest@4f0f2942]" started-at="2026-03-04T11:31:23 IST" name="verifyLogOutButton" finished-at="2026-03-04T11:31:25 IST" duration-ms="2155" status="PASS">
          <reporter-output>
          </reporter-output>
        </test-method> <!-- verifyLogOutButton -->
        <test-method is-config="true" signature="afterMethod(org.testng.ITestResult)[pri:0, instance:testSript.HomePageTest@4f0f2942]" started-at="2026-03-04T11:31:25 IST" name="afterMethod" finished-at="2026-03-04T11:31:26 IST" duration-ms="915" status="PASS">
          <params>
            <param index="0">
              <value>
                <![CDATA[[TestResult name=verifyLogOutButton status=SUCCESS method=HomePageTest.verifyLogOutButton()[pri:0, instance:testSript.HomePageTest@4f0f2942] output={null}]]]>
              </value>
            </param>
          </params>
          <reporter-output>
          </reporter-output>
        </test-method> <!-- afterMethod -->
      </class> <!-- testSript.HomePageTest -->
      <class name="testSript.ManageNewsPageTest">
        <test-method is-config="true" signature="beforeMethod(java.lang.String)[pri:0, instance:testSript.ManageNewsPageTest@7dc19a70]" started-at="2026-03-04T11:31:20 IST" name="beforeMethod" finished-at="2026-03-04T11:31:23 IST" duration-ms="3060" status="PASS">
          <params>
            <param index="0">
              <value>
                <![CDATA[Chrome]]>
              </value>
            </param>
          </params>
          <reporter-output>
          </reporter-output>
        </test-method> <!-- beforeMethod -->
        <test-method signature="varify_News_Message_Added()[pri:0, instance:testSript.ManageNewsPageTest@7dc19a70]" started-at="2026-03-04T11:31:23 IST" name="varify_News_Message_Added" finished-at="2026-03-04T11:31:27 IST" duration-ms="4202" status="PASS">
          <reporter-output>
          </reporter-output>
        </test-method> <!-- varify_News_Message_Added -->
        <test-method is-config="true" signature="afterMethod(org.testng.ITestResult)[pri:0, instance:testSript.ManageNewsPageTest@7dc19a70]" started-at="2026-03-04T11:31:27 IST" name="afterMethod" finished-at="2026-03-04T11:31:27 IST" duration-ms="239" status="PASS">
          <params>
            <param index="0">
              <value>
                <![CDATA[[TestResult name=varify_News_Message_Added status=SUCCESS method=ManageNewsPageTest.varify_News_Message_Added()[pri:0, instance:testSript.ManageNewsPageTest@7dc19a70] output={null}]]]>
              </value>
            </param>
          </params>
          <reporter-output>
          </reporter-output>
        </test-method> <!-- afterMethod -->
      </class> <!-- testSript.ManageNewsPageTest -->
    </test> <!-- ChromeTest -->
  </suite> <!-- ParallelTesting -->
</testng-results>
