<?xml version="1.0" encoding="UTF-8"?>
<!-- Generated by org.testng.reporters.JUnitXMLReporter -->
<testsuite ignored="2" hostname="LAPTOP-C002MT6H" failures="0" tests="2" name="ChromeTest" time="7.982" errors="0" timestamp="2026-03-04T11:25:46 IST">
  <testcase classname="testSript.LoginPageTest" name="varify_Valid_Username_Invalid_Password" time="2.52"/>
  <testcase classname="testSript.LoginPageTest" name="verifyCorrectUsernameAndIncorrectPassword" time="0.527"/>
  <testcase classname="testSript.LoginPageTest" name="verifyValidCredential" time="0.0">
    <ignored/>
  </testcase> <!-- verifyValidCredential -->
  <testcase classname="testSript.LoginPageTest" name="varifyInvalidCredential" time="0.0">
    <ignored/>
  </testcase> <!-- varifyInvalidCredential -->
</testsuite> <!-- ChromeTest -->
