<?xml version="1.0" encoding="UTF-8"?>
<!-- Generated by org.testng.reporters.JUnitReportReporter -->
<testsuite hostname="LAPTOP-C002MT6H" failures="0" tests="2" name="testSript.LoginPageTest" time="7.913" errors="0" timestamp="2026-03-04T11:25:47 IST" skipped="0">
  <testcase classname="testSript.LoginPageTest" name="varify_Valid_Username_Invalid_Password" time="5.524"/>
  <testcase classname="testSript.LoginPageTest" name="verifyCorrectUsernameAndIncorrectPassword" time="2.389"/>
</testsuite> <!-- testSript.LoginPageTest -->
